{"total": {"lines":{"total":1107,"covered":861,"skipped":0,"pct":77.77},"statements":{"total":1107,"covered":861,"skipped":0,"pct":77.77},"functions":{"total":43,"covered":36,"skipped":0,"pct":83.72},"branches":{"total":166,"covered":134,"skipped":0,"pct":80.72},"branchesTrue":{"total":0,"covered":0,"skipped":0,"pct":100}}
,"C:\\Users\\yonim\\w1t98\\repo\\src\\common\\logging\\log-redact.util.ts": {"lines":{"total":42,"covered":36,"skipped":0,"pct":85.71},"functions":{"total":1,"covered":1,"skipped":0,"pct":100},"statements":{"total":42,"covered":36,"skipped":0,"pct":85.71},"branches":{"total":13,"covered":9,"skipped":0,"pct":69.23}}
,"C:\\Users\\yonim\\w1t98\\repo\\src\\common\\validators\\strong-password.decorator.ts": {"lines":{"total":58,"covered":54,"skipped":0,"pct":93.1},"functions":{"total":4,"covered":4,"skipped":0,"pct":100},"statements":{"total":58,"covered":54,"skipped":0,"pct":93.1},"branches":{"total":10,"covered":8,"skipped":0,"pct":80}}
,"C:\\Users\\yonim\\w1t98\\repo\\src\\config\\env.validation.ts": {"lines":{"total":176,"covered":172,"skipped":0,"pct":97.72},"functions":{"total":2,"covered":2,"skipped":0,"pct":100},"statements":{"total":176,"covered":172,"skipped":0,"pct":97.72},"branches":{"total":10,"covered":8,"skipped":0,"pct":80}}
,"C:\\Users\\yonim\\w1t98\\repo\\src\\modules\\audit\\audit-chain.util.ts": {"lines":{"total":16,"covered":16,"skipped":0,"pct":100},"functions":{"total":1,"covered":1,"skipped":0,"pct":100},"statements":{"total":16,"covered":16,"skipped":0,"pct":100},"branches":{"total":7,"covered":7,"skipped":0,"pct":100}}
,"C:\\Users\\yonim\\w1t98\\repo\\src\\modules\\audit\\audit-log.entity.ts": {"lines":{"total":43,"covered":43,"skipped":0,"pct":100},"functions":{"total":0,"covered":0,"skipped":0,"pct":100},"statements":{"total":43,"covered":43,"skipped":0,"pct":100},"branches":{"total":0,"covered":0,"skipped":0,"pct":100}}
,"C:\\Users\\yonim\\w1t98\\repo\\src\\modules\\audit\\audit.service.ts": {"lines":{"total":229,"covered":23,"skipped":0,"pct":10.04},"functions":{"total":7,"covered":0,"skipped":0,"pct":0},"statements":{"total":229,"covered":23,"skipped":0,"pct":10.04},"branches":{"total":0,"covered":0,"skipped":0,"pct":100}}
,"C:\\Users\\yonim\\w1t98\\repo\\src\\modules\\audit\\privileged-audit.builder.ts": {"lines":{"total":102,"covered":102,"skipped":0,"pct":100},"functions":{"total":2,"covered":2,"skipped":0,"pct":100},"statements":{"total":102,"covered":102,"skipped":0,"pct":100},"branches":{"total":12,"covered":12,"skipped":0,"pct":100}}
,"C:\\Users\\yonim\\w1t98\\repo\\src\\modules\\auth\\auth-lockout.policy.ts": {"lines":{"total":5,"covered":5,"skipped":0,"pct":100},"functions":{"total":1,"covered":1,"skipped":0,"pct":100},"statements":{"total":5,"covered":5,"skipped":0,"pct":100},"branches":{"total":1,"covered":1,"skipped":0,"pct":100}}
,"C:\\Users\\yonim\\w1t98\\repo\\src\\modules\\follow-up\\follow-up-frequency.util.ts": {"lines":{"total":59,"covered":59,"skipped":0,"pct":100},"functions":{"total":2,"covered":2,"skipped":0,"pct":100},"statements":{"total":59,"covered":59,"skipped":0,"pct":100},"branches":{"total":15,"covered":15,"skipped":0,"pct":100}}
,"C:\\Users\\yonim\\w1t98\\repo\\src\\modules\\health\\health.service.ts": {"lines":{"total":29,"covered":29,"skipped":0,"pct":100},"functions":{"total":3,"covered":3,"skipped":0,"pct":100},"statements":{"total":29,"covered":29,"skipped":0,"pct":100},"branches":{"total":3,"covered":3,"skipped":0,"pct":100}}
,"C:\\Users\\yonim\\w1t98\\repo\\src\\modules\\reservation\\reservation-refund.util.ts": {"lines":{"total":24,"covered":22,"skipped":0,"pct":91.66},"functions":{"total":1,"covered":1,"skipped":0,"pct":100},"statements":{"total":24,"covered":22,"skipped":0,"pct":91.66},"branches":{"total":6,"covered":5,"skipped":0,"pct":83.33}}
,"C:\\Users\\yonim\\w1t98\\repo\\src\\modules\\trust-rating\\review-negative.util.ts": {"lines":{"total":14,"covered":14,"skipped":0,"pct":100},"functions":{"total":1,"covered":1,"skipped":0,"pct":100},"statements":{"total":14,"covered":14,"skipped":0,"pct":100},"branches":{"total":6,"covered":6,"skipped":0,"pct":100}}
,"C:\\Users\\yonim\\w1t98\\repo\\src\\modules\\trust-rating\\review-window.util.ts": {"lines":{"total":8,"covered":8,"skipped":0,"pct":100},"functions":{"total":1,"covered":1,"skipped":0,"pct":100},"statements":{"total":8,"covered":8,"skipped":0,"pct":100},"branches":{"total":1,"covered":1,"skipped":0,"pct":100}}
,"C:\\Users\\yonim\\w1t98\\repo\\src\\modules\\workflow\\workflow-approval.util.ts": {"lines":{"total":60,"covered":58,"skipped":0,"pct":96.66},"functions":{"total":4,"covered":4,"skipped":0,"pct":100},"statements":{"total":60,"covered":58,"skipped":0,"pct":96.66},"branches":{"total":19,"covered":17,"skipped":0,"pct":89.47}}
,"C:\\Users\\yonim\\w1t98\\repo\\src\\modules\\workflow\\workflow-business-time.service.ts": {"lines":{"total":236,"covered":214,"skipped":0,"pct":90.67},"functions":{"total":12,"covered":12,"skipped":0,"pct":100},"statements":{"total":236,"covered":214,"skipped":0,"pct":90.67},"branches":{"total":62,"covered":41,"skipped":0,"pct":66.12}}
,"C:\\Users\\yonim\\w1t98\\repo\\src\\modules\\workflow\\workflow-sla-expiry.util.ts": {"lines":{"total":6,"covered":6,"skipped":0,"pct":100},"functions":{"total":1,"covered":1,"skipped":0,"pct":100},"statements":{"total":6,"covered":6,"skipped":0,"pct":100},"branches":{"total":1,"covered":1,"skipped":0,"pct":100}}
}
