TN:
SF:src\common\logging\log-redact.util.ts
FN:17,redactForLog
FNF:1
FNH:1
FNDA:9,redactForLog
DA:1,1
DA:2,1
DA:3,1
DA:4,1
DA:5,1
DA:6,1
DA:7,1
DA:8,1
DA:9,1
DA:10,1
DA:11,1
DA:12,1
DA:13,1
DA:14,1
DA:15,1
DA:16,1
DA:17,9
DA:18,9
DA:19,0
DA:20,0
DA:21,9
DA:22,0
DA:23,0
DA:24,9
DA:25,4
DA:26,4
DA:27,9
DA:28,1
DA:29,1
DA:30,9
DA:31,0
DA:32,0
DA:33,4
DA:34,9
DA:35,12
DA:36,6
DA:37,6
DA:38,6
DA:39,6
DA:40,12
DA:41,4
DA:42,4
LF:42
LH:36
BRDA:17,0,0,9
BRDA:18,1,0,0
BRDA:21,2,0,0
BRDA:24,3,0,4
BRDA:25,4,0,0
BRDA:27,5,0,5
BRDA:27,6,0,1
BRDA:30,7,0,4
BRDA:30,8,0,0
BRDA:33,9,0,4
BRDA:34,10,0,12
BRDA:35,11,0,6
BRDA:41,12,0,4
BRF:13
BRH:9
end_of_record
TN:
SF:src\common\validators\strong-password.decorator.ts
FN:21,isBannedPassword
FN:32,IsStrongPassword
FN:40,validate
FN:49,defaultMessage
FNF:4
FNH:4
FNDA:5,isBannedPassword
FNDA:3,IsStrongPassword
FNDA:6,validate
FNDA:4,defaultMessage
DA:1,1
DA:2,1
DA:3,1
DA:4,1
DA:5,1
DA:6,1
DA:7,1
DA:8,1
DA:9,1
DA:10,1
DA:11,1
DA:12,1
DA:13,1
DA:14,1
DA:15,1
DA:16,1
DA:17,1
DA:18,1
DA:19,1
DA:20,1
DA:21,5
DA:22,5
DA:23,5
DA:24,0
DA:25,0
DA:26,5
DA:27,5
DA:28,1
DA:29,1
DA:30,1
DA:31,1
DA:32,3
DA:33,3
DA:34,3
DA:35,3
DA:36,3
DA:37,3
DA:38,3
DA:39,3
DA:40,3
DA:41,6
DA:42,0
DA:43,0
DA:44,6
DA:45,1
DA:46,1
DA:47,5
DA:48,3
DA:49,3
DA:50,4
DA:51,4
DA:52,4
DA:53,4
DA:54,4
DA:55,3
DA:56,3
DA:57,3
DA:58,3
LF:58
LH:54
BRDA:21,0,0,5
BRDA:23,1,0,0
BRDA:26,2,0,18
BRDA:32,3,0,3
BRDA:33,4,0,3
BRDA:40,5,0,6
BRDA:41,6,0,0
BRDA:44,7,0,1
BRDA:47,8,0,5
BRDA:49,9,0,4
BRF:10
BRH:8
end_of_record
TN:
SF:src\config\env.validation.ts
FN:125,validateEnv
FN:142,assertStrongSecret
FNF:2
FNH:2
FNDA:6,validateEnv
FNDA:7,assertStrongSecret
DA:1,1
DA:2,1
DA:3,1
DA:4,1
DA:5,1
DA:6,1
DA:7,1
DA:8,1
DA:9,1
DA:10,1
DA:11,1
DA:12,1
DA:13,1
DA:14,1
DA:15,1
DA:16,1
DA:17,1
DA:18,1
DA:19,1
DA:20,1
DA:21,1
DA:22,1
DA:23,1
DA:24,1
DA:25,1
DA:26,1
DA:27,1
DA:28,1
DA:29,1
DA:30,1
DA:31,1
DA:32,1
DA:33,1
DA:34,1
DA:35,1
DA:36,1
DA:37,1
DA:38,1
DA:39,1
DA:40,1
DA:41,1
DA:42,1
DA:43,1
DA:44,1
DA:45,1
DA:46,1
DA:47,1
DA:48,1
DA:49,1
DA:50,1
DA:51,1
DA:52,1
DA:53,1
DA:54,1
DA:55,1
DA:56,1
DA:57,1
DA:58,1
DA:59,1
DA:60,1
DA:61,1
DA:62,1
DA:63,1
DA:64,1
DA:65,1
DA:66,1
DA:67,1
DA:68,1
DA:69,1
DA:70,1
DA:71,1
DA:72,1
DA:73,1
DA:74,1
DA:75,1
DA:76,1
DA:77,1
DA:78,1
DA:79,1
DA:80,1
DA:81,1
DA:82,1
DA:83,1
DA:84,1
DA:85,1
DA:86,1
DA:87,1
DA:88,1
DA:89,1
DA:90,1
DA:91,1
DA:92,1
DA:93,1
DA:94,1
DA:95,1
DA:96,1
DA:97,1
DA:98,1
DA:99,1
DA:100,1
DA:101,1
DA:102,1
DA:103,1
DA:104,1
DA:105,1
DA:106,1
DA:107,1
DA:108,1
DA:109,1
DA:110,1
DA:111,1
DA:112,1
DA:113,1
DA:114,1
DA:115,1
DA:116,1
DA:117,1
DA:118,1
DA:119,1
DA:120,1
DA:121,1
DA:122,1
DA:123,1
DA:124,1
DA:125,6
DA:126,6
DA:127,6
DA:128,6
DA:129,6
DA:130,6
DA:131,6
DA:132,6
DA:133,2
DA:134,2
DA:135,4
DA:136,4
DA:137,4
DA:138,4
DA:139,4
DA:140,4
DA:141,1
DA:142,7
DA:143,7
DA:144,7
DA:145,7
DA:146,7
DA:147,7
DA:148,7
DA:149,7
DA:150,7
DA:151,7
DA:152,7
DA:153,7
DA:154,7
DA:155,7
DA:156,7
DA:157,7
DA:158,7
DA:159,2
DA:160,2
DA:161,5
DA:162,7
DA:163,0
DA:164,0
DA:165,5
DA:166,5
DA:167,5
DA:168,5
DA:169,5
DA:170,5
DA:171,5
DA:172,5
DA:173,7
DA:174,0
DA:175,0
DA:176,7
LF:176
LH:172
BRDA:125,0,0,6
BRDA:132,1,0,4
BRDA:132,2,0,2
BRDA:142,3,0,7
BRDA:158,4,0,5
BRDA:158,5,0,2
BRDA:161,6,0,5
BRDA:162,7,0,0
BRDA:165,8,0,5
BRDA:173,9,0,0
BRF:10
BRH:8
end_of_record
TN:
SF:src\modules\audit\audit-chain.util.ts
FN:5,auditEntriesFormValidChain
FNF:1
FNH:1
FNDA:2,auditEntriesFormValidChain
DA:1,1
DA:2,1
DA:3,1
DA:4,1
DA:5,2
DA:6,2
DA:7,2
DA:8,2
DA:9,5
DA:10,5
DA:11,5
DA:12,1
DA:13,1
DA:14,5
DA:15,1
DA:16,1
LF:16
LH:16
BRDA:5,0,0,2
BRDA:8,1,0,5
BRDA:9,2,0,2
BRDA:9,3,0,3
BRDA:10,4,0,2
BRDA:11,5,0,1
BRDA:15,6,0,1
BRF:7
BRH:7
end_of_record
TN:
SF:src\modules\audit\audit-log.entity.ts
FNF:0
FNH:0
DA:1,1
DA:2,1
DA:3,1
DA:4,1
DA:5,1
DA:6,1
DA:7,1
DA:8,1
DA:9,1
DA:10,1
DA:11,1
DA:12,1
DA:13,1
DA:14,1
DA:15,1
DA:16,1
DA:17,1
DA:18,1
DA:19,1
DA:20,1
DA:21,1
DA:22,1
DA:23,1
DA:24,1
DA:25,1
DA:26,1
DA:27,1
DA:28,1
DA:29,1
DA:30,1
DA:31,1
DA:32,1
DA:33,1
DA:34,1
DA:35,1
DA:36,1
DA:37,1
DA:38,1
DA:39,1
DA:40,1
DA:41,1
DA:42,1
DA:43,1
LF:43
LH:43
BRF:0
BRH:0
end_of_record
TN:
SF:src\modules\audit\audit.service.ts
FN:10,AuditService
FN:16,appendLog
FN:75,verifyIntegrity
FN:159,getLogs
FN:197,buildHashInput
FN:209,stableStringify
FN:213,sortDeep
FNF:7
FNH:0
FNDA:0,AuditService
FNDA:0,appendLog
FNDA:0,verifyIntegrity
FNDA:0,getLogs
FNDA:0,buildHashInput
FNDA:0,stableStringify
FNDA:0,sortDeep
DA:1,1
DA:2,1
DA:3,1
DA:4,1
DA:5,1
DA:6,1
DA:7,1
DA:8,1
DA:9,1
DA:10,1
DA:11,0
DA:12,0
DA:13,0
DA:14,0
DA:15,1
DA:16,1
DA:17,0
DA:18,0
DA:19,0
DA:20,0
DA:21,0
DA:22,0
DA:23,0
DA:24,0
DA:25,0
DA:26,0
DA:27,0
DA:28,0
DA:29,0
DA:30,0
DA:31,0
DA:32,0
DA:33,0
DA:34,0
DA:35,0
DA:36,0
DA:37,0
DA:38,0
DA:39,0
DA:40,0
DA:41,0
DA:42,0
DA:43,0
DA:44,0
DA:45,0
DA:46,0
DA:47,0
DA:48,0
DA:49,0
DA:50,0
DA:51,0
DA:52,0
DA:53,0
DA:54,0
DA:55,0
DA:56,0
DA:57,0
DA:58,0
DA:59,0
DA:60,0
DA:61,0
DA:62,0
DA:63,0
DA:64,0
DA:65,0
DA:66,0
DA:67,0
DA:68,0
DA:69,0
DA:70,0
DA:71,0
DA:72,0
DA:73,0
DA:74,1
DA:75,1
DA:76,0
DA:77,0
DA:78,0
DA:79,0
DA:80,0
DA:81,0
DA:82,0
DA:83,0
DA:84,0
DA:85,0
DA:86,0
DA:87,0
DA:88,0
DA:89,0
DA:90,0
DA:91,0
DA:92,0
DA:93,0
DA:94,0
DA:95,0
DA:96,0
DA:97,0
DA:98,0
DA:99,0
DA:100,0
DA:101,0
DA:102,0
DA:103,0
DA:104,0
DA:105,0
DA:106,0
DA:107,0
DA:108,0
DA:109,0
DA:110,0
DA:111,0
DA:112,0
DA:113,0
DA:114,0
DA:115,0
DA:116,0
DA:117,0
DA:118,0
DA:119,0
DA:120,0
DA:121,0
DA:122,0
DA:123,0
DA:124,0
DA:125,0
DA:126,0
DA:127,0
DA:128,0
DA:129,0
DA:130,0
DA:131,0
DA:132,0
DA:133,0
DA:134,0
DA:135,0
DA:136,0
DA:137,0
DA:138,0
DA:139,0
DA:140,0
DA:141,0
DA:142,0
DA:143,0
DA:144,0
DA:145,0
DA:146,0
DA:147,0
DA:148,0
DA:149,0
DA:150,0
DA:151,0
DA:152,0
DA:153,0
DA:154,0
DA:155,0
DA:156,0
DA:157,0
DA:158,1
DA:159,1
DA:160,0
DA:161,0
DA:162,0
DA:163,0
DA:164,0
DA:165,0
DA:166,0
DA:167,0
DA:168,0
DA:169,0
DA:170,0
DA:171,0
DA:172,0
DA:173,0
DA:174,0
DA:175,0
DA:176,0
DA:177,0
DA:178,0
DA:179,0
DA:180,0
DA:181,0
DA:182,0
DA:183,0
DA:184,0
DA:185,0
DA:186,0
DA:187,0
DA:188,0
DA:189,0
DA:190,0
DA:191,0
DA:192,0
DA:193,0
DA:194,0
DA:195,0
DA:196,1
DA:197,1
DA:198,0
DA:199,0
DA:200,0
DA:201,0
DA:202,0
DA:203,0
DA:204,0
DA:205,0
DA:206,0
DA:207,0
DA:208,1
DA:209,1
DA:210,0
DA:211,0
DA:212,1
DA:213,1
DA:214,0
DA:215,0
DA:216,0
DA:217,0
DA:218,0
DA:219,0
DA:220,0
DA:221,0
DA:222,0
DA:223,0
DA:224,0
DA:225,0
DA:226,0
DA:227,0
DA:228,0
DA:229,1
LF:229
LH:23
BRF:0
BRH:0
end_of_record
TN:
SF:src\modules\audit\privileged-audit.builder.ts
FN:53,assertPrivilegedAuditPayload
FN:77,buildPrivilegedAuditPayload
FNF:2
FNH:2
FNDA:13,assertPrivilegedAuditPayload
FNDA:7,buildPrivilegedAuditPayload
DA:1,1
DA:2,1
DA:3,1
DA:4,1
DA:5,1
DA:6,1
DA:7,1
DA:8,1
DA:9,1
DA:10,1
DA:11,1
DA:12,1
DA:13,1
DA:14,1
DA:15,1
DA:16,1
DA:17,1
DA:18,1
DA:19,1
DA:20,1
DA:21,1
DA:22,1
DA:23,1
DA:24,1
DA:25,1
DA:26,1
DA:27,1
DA:28,1
DA:29,1
DA:30,1
DA:31,1
DA:32,1
DA:33,1
DA:34,1
DA:35,1
DA:36,1
DA:37,1
DA:38,1
DA:39,1
DA:40,1
DA:41,1
DA:42,1
DA:43,1
DA:44,1
DA:45,1
DA:46,1
DA:47,1
DA:48,1
DA:49,1
DA:50,1
DA:51,1
DA:52,1
DA:53,13
DA:54,13
DA:55,2
DA:56,2
DA:57,2
DA:58,2
DA:59,13
DA:60,1
DA:61,1
DA:62,10
DA:63,10
DA:64,13
DA:65,9
DA:66,13
DA:67,2
DA:68,2
DA:69,13
DA:70,1
DA:71,1
DA:72,1
DA:73,1
DA:74,1
DA:75,1
DA:76,1
DA:77,7
DA:78,7
DA:79,7
DA:80,7
DA:81,7
DA:82,7
DA:83,7
DA:84,7
DA:85,7
DA:86,7
DA:87,7
DA:88,7
DA:89,7
DA:90,7
DA:91,7
DA:92,7
DA:93,7
DA:94,7
DA:95,7
DA:96,7
DA:97,7
DA:98,7
DA:99,7
DA:100,7
DA:101,7
DA:102,7
LF:102
LH:102
BRDA:53,0,0,13
BRDA:54,1,0,12
BRDA:54,2,0,2
BRDA:59,3,0,11
BRDA:59,4,0,2
BRDA:59,5,0,1
BRDA:62,6,0,10
BRDA:64,7,0,9
BRDA:66,8,0,2
BRDA:77,9,0,7
BRDA:87,10,0,1
BRDA:92,11,0,6
BRF:12
BRH:12
end_of_record
TN:
SF:src\modules\auth\auth-lockout.policy.ts
FN:3,computeLoginLockoutUntil
FNF:1
FNH:1
FNDA:1,computeLoginLockoutUntil
DA:1,1
DA:2,1
DA:3,1
DA:4,1
DA:5,1
LF:5
LH:5
BRDA:3,0,0,1
BRF:1
BRH:1
end_of_record
TN:
SF:src\modules\follow-up\follow-up-frequency.util.ts
FN:17,buildSchedules
FN:46,addInterval
FNF:2
FNH:2
FNDA:3,buildSchedules
FNDA:8,addInterval
DA:1,1
DA:2,1
DA:3,1
DA:4,1
DA:5,1
DA:6,1
DA:7,1
DA:8,1
DA:9,1
DA:10,1
DA:11,1
DA:12,1
DA:13,1
DA:14,1
DA:15,1
DA:16,1
DA:17,1
DA:18,3
DA:19,3
DA:20,3
DA:21,3
DA:22,3
DA:23,1
DA:24,1
DA:25,2
DA:26,2
DA:27,3
DA:28,3
DA:29,3
DA:30,3
DA:31,5
DA:32,5
DA:33,5
DA:34,5
DA:35,5
DA:36,5
DA:37,5
DA:38,5
DA:39,5
DA:40,5
DA:41,5
DA:42,2
DA:43,2
DA:44,2
DA:45,1
DA:46,1
DA:47,8
DA:48,8
DA:49,5
DA:50,5
DA:51,5
DA:52,3
DA:53,3
DA:54,3
DA:55,3
DA:56,3
DA:57,3
DA:58,3
DA:59,3
LF:59
LH:59
BRDA:17,0,0,3
BRDA:18,1,0,1
BRDA:22,2,0,1
BRDA:25,3,0,2
BRDA:27,4,0,1
BRDA:27,5,0,1
BRDA:28,6,0,1
BRDA:28,7,0,1
BRDA:30,8,0,5
BRDA:32,9,0,3
BRDA:32,10,0,2
BRDA:42,11,0,2
BRDA:46,12,0,8
BRDA:48,13,0,5
BRDA:52,14,0,3
BRF:15
BRH:15
end_of_record
TN:
SF:src\modules\health\health.service.ts
FN:7,HealthService
FN:9,getHealth
FN:16,auditDebugAccess
FNF:3
FNH:3
FNDA:3,HealthService
FNDA:1,getHealth
FNDA:2,auditDebugAccess
DA:1,1
DA:2,1
DA:3,1
DA:4,1
DA:5,1
DA:6,1
DA:7,1
DA:8,1
DA:9,1
DA:10,1
DA:11,1
DA:12,1
DA:13,1
DA:14,1
DA:15,1
DA:16,1
DA:17,2
DA:18,2
DA:19,2
DA:20,2
DA:21,2
DA:22,2
DA:23,2
DA:24,2
DA:25,2
DA:26,2
DA:27,2
DA:28,2
DA:29,1
LF:29
LH:29
BRDA:7,0,0,3
BRDA:9,1,0,1
BRDA:16,2,0,2
BRF:3
BRH:3
end_of_record
TN:
SF:src\modules\reservation\reservation-refund.util.ts
FN:9,computeReservationRefund
FNF:1
FNH:1
FNDA:7,computeReservationRefund
DA:1,1
DA:2,1
DA:3,1
DA:4,1
DA:5,1
DA:6,1
DA:7,1
DA:8,1
DA:9,7
DA:10,7
DA:11,0
DA:12,0
DA:13,7
DA:14,7
DA:15,7
DA:16,7
DA:17,7
DA:18,2
DA:19,2
DA:20,5
DA:21,3
DA:22,3
DA:23,2
DA:24,2
LF:24
LH:22
BRDA:9,0,0,7
BRDA:10,1,0,0
BRDA:17,2,0,2
BRDA:20,3,0,5
BRDA:20,4,0,3
BRDA:23,5,0,2
BRF:6
BRH:5
end_of_record
TN:
SF:src\modules\trust-rating\review-negative.util.ts
FN:7,isNegativeReviewDimensions
FNF:1
FNH:1
FNDA:6,isNegativeReviewDimensions
DA:1,1
DA:2,1
DA:3,1
DA:4,1
DA:5,1
DA:6,1
DA:7,6
DA:8,6
DA:9,6
DA:10,6
DA:11,2
DA:12,2
DA:13,4
DA:14,4
LF:14
LH:14
BRDA:7,0,0,6
BRDA:10,1,0,5
BRDA:10,2,0,2
BRDA:13,3,0,4
BRDA:13,4,0,6
BRDA:13,5,0,5
BRF:6
BRH:6
end_of_record
TN:
SF:src\modules\trust-rating\review-window.util.ts
FN:6,isReviewWindowExpired
FNF:1
FNH:1
FNDA:2,isReviewWindowExpired
DA:1,1
DA:2,1
DA:3,1
DA:4,1
DA:5,1
DA:6,2
DA:7,2
DA:8,2
LF:8
LH:8
BRDA:6,0,0,2
BRF:1
BRH:1
end_of_record
TN:
SF:src\modules\workflow\workflow-approval.util.ts
FN:14,isAnyOneStepSatisfied
FN:26,isAllRequiredStepSatisfied
FN:52,approverCanSatisfyAnySlot
FN:56,approverSatisfiesSlot
FNF:4
FNH:4
FNDA:7,isAnyOneStepSatisfied
FNDA:9,isAllRequiredStepSatisfied
FNDA:4,approverCanSatisfyAnySlot
FNDA:19,approverSatisfiesSlot
DA:1,1
DA:2,1
DA:3,1
DA:4,1
DA:5,1
DA:6,1
DA:7,1
DA:8,1
DA:9,1
DA:10,1
DA:11,1
DA:12,1
DA:13,1
DA:14,7
DA:15,7
DA:16,7
DA:17,7
DA:18,7
DA:19,7
DA:20,3
DA:21,3
DA:22,4
DA:23,4
DA:24,4
DA:25,1
DA:26,9
DA:27,9
DA:28,9
DA:29,9
DA:30,9
DA:31,9
DA:32,0
DA:33,0
DA:34,9
DA:35,9
DA:36,9
DA:37,9
DA:38,9
DA:39,16
DA:40,16
DA:41,21
DA:42,16
DA:43,16
DA:44,4
DA:45,4
DA:46,12
DA:47,12
DA:48,5
DA:49,5
DA:50,5
DA:51,1
DA:52,4
DA:53,4
DA:54,4
DA:55,1
DA:56,19
DA:57,19
DA:58,19
DA:59,19
DA:60,19
LF:60
LH:58
BRDA:14,0,0,7
BRDA:19,1,0,6
BRDA:19,2,0,3
BRDA:22,3,0,4
BRDA:23,4,0,4
BRDA:26,5,0,9
BRDA:31,6,0,0
BRDA:38,7,0,16
BRDA:43,8,0,4
BRDA:46,9,0,12
BRDA:48,10,0,5
BRDA:35,11,0,9
BRDA:40,12,0,21
BRDA:41,13,0,15
BRDA:52,14,0,4
BRDA:53,15,0,4
BRDA:56,16,0,19
BRDA:57,17,0,0
BRDA:59,18,0,16
BRF:19
BRH:17
end_of_record
TN:
SF:src\modules\workflow\workflow-business-time.service.ts
FN:20,WorkflowBusinessTimeService
FN:22,calculateDeadlineAt
FN:76,shouldUseClockHourSla
FN:87,getConfig
FN:118,localDateKey
FN:122,isBusinessDay
FN:132,getNextBusinessDayStart
FN:161,addDays
FN:170,getIsoWeekDay
FN:175,getLocalDateParts
FN:191,makeDateInTimeZone
FN:211,getOffsetMinutes
FNF:12
FNH:12
FNDA:6,WorkflowBusinessTimeService
FNDA:6,calculateDeadlineAt
FNDA:6,shouldUseClockHourSla
FNDA:5,getConfig
FNDA:14,localDateKey
FNDA:16,isBusinessDay
FNDA:4,getNextBusinessDayStart
FNDA:6,addDays
FNDA:16,getIsoWeekDay
FNDA:10,getLocalDateParts
FNDA:24,makeDateInTimeZone
FNDA:72,getOffsetMinutes
DA:1,1
DA:2,1
DA:3,1
DA:4,1
DA:5,1
DA:6,1
DA:7,1
DA:8,1
DA:9,1
DA:10,1
DA:11,1
DA:12,1
DA:13,1
DA:14,1
DA:15,1
DA:16,1
DA:17,1
DA:18,1
DA:19,1
DA:20,1
DA:21,1
DA:22,1
DA:23,6
DA:24,1
DA:25,1
DA:26,5
DA:27,5
DA:28,5
DA:29,5
DA:30,5
DA:31,6
DA:32,10
DA:33,10
DA:34,10
DA:35,10
DA:36,10
DA:37,10
DA:38,10
DA:39,10
DA:40,10
DA:41,10
DA:42,10
DA:43,10
DA:44,10
DA:45,10
DA:46,10
DA:47,10
DA:48,10
DA:49,10
DA:50,10
DA:51,10
DA:52,10
DA:53,1
DA:54,1
DA:55,1
DA:56,9
DA:57,10
DA:58,0
DA:59,0
DA:60,0
DA:61,9
DA:62,10
DA:63,3
DA:64,3
DA:65,3
DA:66,6
DA:67,6
DA:68,6
DA:69,6
DA:70,6
DA:71,6
DA:72,5
DA:73,5
DA:74,5
DA:75,1
DA:76,1
DA:77,6
DA:78,6
DA:79,0
DA:80,0
DA:81,6
DA:82,1
DA:83,1
DA:84,5
DA:85,5
DA:86,1
DA:87,1
DA:88,5
DA:89,5
DA:90,5
DA:91,5
DA:92,5
DA:93,5
DA:94,5
DA:95,5
DA:96,5
DA:97,5
DA:98,5
DA:99,5
DA:100,5
DA:101,5
DA:102,5
DA:103,5
DA:104,5
DA:105,5
DA:106,5
DA:107,5
DA:108,5
DA:109,5
DA:110,5
DA:111,5
DA:112,5
DA:113,5
DA:114,5
DA:115,5
DA:116,5
DA:117,1
DA:118,1
DA:119,14
DA:120,14
DA:121,1
DA:122,1
DA:123,16
DA:124,2
DA:125,2
DA:126,16
DA:127,1
DA:128,1
DA:129,13
DA:130,13
DA:131,1
DA:132,1
DA:133,4
DA:134,4
DA:135,4
DA:136,6
DA:137,6
DA:138,4
DA:139,4
DA:140,4
DA:141,4
DA:142,4
DA:143,4
DA:144,4
DA:145,4
DA:146,4
DA:147,4
DA:148,6
DA:149,0
DA:150,0
DA:151,0
DA:152,0
DA:153,0
DA:154,0
DA:155,0
DA:156,0
DA:157,0
DA:158,0
DA:159,0
DA:160,1
DA:161,1
DA:162,6
DA:163,6
DA:164,6
DA:165,6
DA:166,6
DA:167,6
DA:168,6
DA:169,1
DA:170,1
DA:171,16
DA:172,16
DA:173,16
DA:174,1
DA:175,1
DA:176,10
DA:177,10
DA:178,10
DA:179,10
DA:180,10
DA:181,10
DA:182,10
DA:183,10
DA:184,10
DA:185,10
DA:186,10
DA:187,10
DA:188,10
DA:189,10
DA:190,1
DA:191,1
DA:192,24
DA:193,24
DA:194,24
DA:195,24
DA:196,24
DA:197,24
DA:198,24
DA:199,24
DA:200,24
DA:201,24
DA:202,24
DA:203,24
DA:204,72
DA:205,72
DA:206,72
DA:207,24
DA:208,24
DA:209,24
DA:210,1
DA:211,1
DA:212,72
DA:213,72
DA:214,72
DA:215,72
DA:216,72
DA:217,72
DA:218,72
DA:219,72
DA:220,72
DA:221,72
DA:222,72
DA:223,72
DA:224,72
DA:225,0
DA:226,0
DA:227,0
DA:228,0
DA:229,0
DA:230,0
DA:231,72
DA:232,72
DA:233,72
DA:234,72
DA:235,72
DA:236,1
LF:236
LH:214
BRDA:20,0,0,6
BRDA:22,1,0,6
BRDA:23,2,0,1
BRDA:26,3,0,5
BRDA:31,4,0,10
BRDA:52,5,0,1
BRDA:56,6,0,9
BRDA:57,7,0,0
BRDA:61,8,0,9
BRDA:62,9,0,3
BRDA:66,10,0,6
BRDA:72,11,0,5
BRDA:76,12,0,6
BRDA:78,13,0,0
BRDA:81,14,0,1
BRDA:82,15,0,0
BRDA:84,16,0,5
BRDA:87,17,0,5
BRDA:88,18,0,0
BRDA:89,19,0,0
BRDA:90,20,0,0
BRDA:92,21,0,0
BRDA:93,22,0,0
BRDA:95,23,0,0
BRDA:101,24,0,4
BRDA:110,25,0,0
BRDA:113,26,0,0
BRDA:98,27,0,25
BRDA:99,28,0,25
BRDA:105,29,0,5
BRDA:106,30,0,5
BRDA:118,31,0,14
BRDA:122,32,0,16
BRDA:123,33,0,2
BRDA:126,34,0,14
BRDA:126,35,0,1
BRDA:129,36,0,13
BRDA:132,37,0,4
BRDA:135,38,0,6
BRDA:137,39,0,4
BRDA:149,40,0,0
BRDA:161,41,0,6
BRDA:170,42,0,16
BRDA:172,43,0,1
BRDA:172,44,0,15
BRDA:175,45,0,10
BRDA:184,46,0,0
BRDA:185,47,0,0
BRDA:186,48,0,0
BRDA:184,49,0,50
BRDA:185,50,0,10
BRDA:186,51,0,30
BRDA:191,52,0,24
BRDA:203,53,0,72
BRDA:211,54,0,72
BRDA:221,55,0,0
BRDA:222,56,0,0
BRDA:225,57,0,0
BRDA:231,58,0,0
BRDA:232,59,0,0
BRDA:233,60,0,0
BRDA:221,61,0,504
BRF:62
BRH:41
end_of_record
TN:
SF:src\modules\workflow\workflow-sla-expiry.util.ts
FN:4,isWorkflowDeadlinePassed
FNF:1
FNH:1
FNDA:2,isWorkflowDeadlinePassed
DA:1,1
DA:2,1
DA:3,1
DA:4,2
DA:5,2
DA:6,2
LF:6
LH:6
BRDA:4,0,0,2
BRF:1
BRH:1
end_of_record
